<?xml version="1.0" encoding="UTF-8"?>
<testng-results skipped="0" failed="0" total="1" passed="1">
  <reporter-output>
  </reporter-output>
  <suite name="Suite" duration-ms="23201" started-at="2018-10-15T15:27:57Z" finished-at="2018-10-15T15:28:20Z">
    <groups>
    </groups>
    <test name="Test" duration-ms="23201" started-at="2018-10-15T15:27:57Z" finished-at="2018-10-15T15:28:20Z">
      <class name="test.Tes">
        <test-method status="PASS" signature="setupSuite(org.testng.ITestContext)[pri:0, instance:test.Tes@1ce92674]" name="setupSuite" is-config="true" duration-ms="1901" started-at="2018-10-15T20:57:55Z" finished-at="2018-10-15T20:57:57Z">
          <params>
            <param index="0">
              <value>
                <![CDATA[org.testng.TestRunner@185f7840]]>
              </value>
            </param>
          </params>
          <reporter-output>
          </reporter-output>
        </test-method> <!-- setupSuite -->
        <test-method status="PASS" signature="beforeMethod(java.lang.reflect.Method, [Ljava.lang.Object;, org.testng.ITestContext)[pri:0, instance:test.Tes@1ce92674]" name="beforeMethod" is-config="true" duration-ms="8571" started-at="2018-10-15T20:57:57Z" finished-at="2018-10-15T20:58:06Z">
          <params>
            <param index="0">
              <value>
                <![CDATA[public void test.Tes.Manjunath(org.xframium.device.ng.TestContainer) throws java.lang.Exception]]>
              </value>
            </param>
            <param index="1">
              <value>
                <![CDATA[[Ljava.lang.Object;@1e6cc850]]>
              </value>
            </param>
            <param index="2">
              <value>
                <![CDATA[org.testng.TestRunner@185f7840]]>
              </value>
            </param>
          </params>
          <reporter-output>
          </reporter-output>
        </test-method> <!-- beforeMethod -->
        <test-method status="PASS" signature="Manjunath(org.xframium.device.ng.TestContainer)[pri:0, instance:test.Tes@1ce92674]" name="Manjunath" duration-ms="14127" started-at="2018-10-15T20:58:06Z" data-provider="mlqDeviceManager" finished-at="2018-10-15T20:58:20Z">
          <params>
            <param index="0">
              <value>
                <![CDATA[org.xframium.device.ng.TestContainer@58cec85b]]>
              </value>
            </param>
          </params>
          <reporter-output>
          </reporter-output>
        </test-method> <!-- Manjunath -->
        <test-method status="PASS" signature="afterMethod(java.lang.reflect.Method, [Ljava.lang.Object;, org.testng.ITestResult, org.testng.ITestContext)[pri:0, instance:test.Tes@1ce92674]" name="afterMethod" is-config="true" duration-ms="483" started-at="2018-10-15T20:58:20Z" finished-at="2018-10-15T20:58:20Z">
          <params>
            <param index="0">
              <value>
                <![CDATA[public void test.Tes.Manjunath(org.xframium.device.ng.TestContainer) throws java.lang.Exception]]>
              </value>
            </param>
            <param index="1">
              <value>
                <![CDATA[[Ljava.lang.Object;@1e6cc850]]>
              </value>
            </param>
            <param index="2">
              <value>
                <![CDATA[[TestResult name=Manjunath status=SUCCESS method=Tes.Manjunath(org.xframium.device.ng.TestContainer)[pri:0, instance:test.Tes@1ce92674] output={null}]]]>
              </value>
            </param>
            <param index="3">
              <value>
                <![CDATA[org.testng.TestRunner@185f7840]]>
              </value>
            </param>
          </params>
          <reporter-output>
          </reporter-output>
        </test-method> <!-- afterMethod -->
        <test-method status="PASS" signature="cleanSuite()[pri:0, instance:test.Tes@1ce92674]" name="cleanSuite" is-config="true" duration-ms="0" started-at="2018-10-15T20:58:20Z" finished-at="2018-10-15T20:58:20Z">
          <reporter-output>
          </reporter-output>
        </test-method> <!-- cleanSuite -->
      </class> <!-- test.Tes -->
    </test> <!-- Test -->
  </suite> <!-- Suite -->
</testng-results>
