<?xml version="1.0" encoding="UTF-8"?>
<testng-results skipped="0" failed="0" total="1" passed="1">
  <reporter-output>
  </reporter-output>
  <suite name="Default suite" duration-ms="14120" started-at="2018-11-06T15:17:55Z" finished-at="2018-11-06T15:18:10Z">
    <groups>
    </groups>
    <test name="Default test" duration-ms="14120" started-at="2018-11-06T15:17:55Z" finished-at="2018-11-06T15:18:10Z">
      <class name="test.Tes">
        <test-method status="PASS" signature="setupSuite(org.testng.ITestContext)[pri:0, instance:test.Tes@34cd072c]" name="setupSuite" is-config="true" duration-ms="1433" started-at="2018-11-06T20:47:54Z" finished-at="2018-11-06T20:47:55Z">
          <params>
            <param index="0">
              <value>
                <![CDATA[org.testng.TestRunner@68c87fc3]]>
              </value>
            </param>
          </params>
          <reporter-output>
          </reporter-output>
        </test-method> <!-- setupSuite -->
        <test-method status="PASS" signature="beforeMethod(java.lang.reflect.Method, [Ljava.lang.Object;, org.testng.ITestContext)[pri:0, instance:test.Tes@34cd072c]" name="beforeMethod" is-config="true" duration-ms="4301" started-at="2018-11-06T20:47:55Z" finished-at="2018-11-06T20:48:00Z">
          <params>
            <param index="0">
              <value>
                <![CDATA[public void test.Tes.Manjunath(org.xframium.device.ng.TestContainer) throws java.lang.Exception]]>
              </value>
            </param>
            <param index="1">
              <value>
                <![CDATA[[Ljava.lang.Object;@bc0f53b]]>
              </value>
            </param>
            <param index="2">
              <value>
                <![CDATA[org.testng.TestRunner@68c87fc3]]>
              </value>
            </param>
          </params>
          <reporter-output>
          </reporter-output>
        </test-method> <!-- beforeMethod -->
        <test-method status="PASS" signature="Manjunath(org.xframium.device.ng.TestContainer)[pri:0, instance:test.Tes@34cd072c]" name="Manjunath" duration-ms="6236" started-at="2018-11-06T20:48:00Z" data-provider="mlqDeviceManager" finished-at="2018-11-06T20:48:06Z">
          <params>
            <param index="0">
              <value>
                <![CDATA[org.xframium.device.ng.TestContainer@66c83fc8]]>
              </value>
            </param>
          </params>
          <reporter-output>
          </reporter-output>
        </test-method> <!-- Manjunath -->
        <test-method status="PASS" signature="afterMethod(java.lang.reflect.Method, [Ljava.lang.Object;, org.testng.ITestResult, org.testng.ITestContext)[pri:0, instance:test.Tes@34cd072c]" name="afterMethod" is-config="true" duration-ms="3560" started-at="2018-11-06T20:48:06Z" finished-at="2018-11-06T20:48:10Z">
          <params>
            <param index="0">
              <value>
                <![CDATA[public void test.Tes.Manjunath(org.xframium.device.ng.TestContainer) throws java.lang.Exception]]>
              </value>
            </param>
            <param index="1">
              <value>
                <![CDATA[[Ljava.lang.Object;@bc0f53b]]>
              </value>
            </param>
            <param index="2">
              <value>
                <![CDATA[[TestResult name=Manjunath status=SUCCESS method=Tes.Manjunath(org.xframium.device.ng.TestContainer)[pri:0, instance:test.Tes@34cd072c] output={null}]]]>
              </value>
            </param>
            <param index="3">
              <value>
                <![CDATA[org.testng.TestRunner@68c87fc3]]>
              </value>
            </param>
          </params>
          <reporter-output>
          </reporter-output>
        </test-method> <!-- afterMethod -->
        <test-method status="PASS" signature="cleanSuite()[pri:0, instance:test.Tes@34cd072c]" name="cleanSuite" is-config="true" duration-ms="71" started-at="2018-11-06T20:48:10Z" finished-at="2018-11-06T20:48:10Z">
          <reporter-output>
          </reporter-output>
        </test-method> <!-- cleanSuite -->
      </class> <!-- test.Tes -->
    </test> <!-- Default test -->
  </suite> <!-- Default suite -->
</testng-results>
