<?xml version="1.0" encoding="UTF-8"?>
<testng-results skipped="0" failed="0" total="1" passed="1">
  <reporter-output>
  </reporter-output>
  <suite name="Default suite" duration-ms="35265" started-at="2018-11-19T15:54:14Z" finished-at="2018-11-19T15:54:50Z">
    <groups>
    </groups>
    <test name="Default test" duration-ms="35265" started-at="2018-11-19T15:54:14Z" finished-at="2018-11-19T15:54:50Z">
      <class name="test.Tes">
        <test-method status="PASS" signature="setupSuite(org.testng.ITestContext)[pri:0, instance:test.Tes@34cd072c]" name="setupSuite" is-config="true" duration-ms="1801" started-at="2018-11-19T21:24:13Z" finished-at="2018-11-19T21:24:14Z">
          <params>
            <param index="0">
              <value>
                <![CDATA[org.testng.TestRunner@12010fd1]]>
              </value>
            </param>
          </params>
          <reporter-output>
          </reporter-output>
        </test-method> <!-- setupSuite -->
        <test-method status="PASS" signature="beforeMethod(java.lang.reflect.Method, [Ljava.lang.Object;, org.testng.ITestContext)[pri:0, instance:test.Tes@34cd072c]" name="beforeMethod" is-config="true" duration-ms="14277" started-at="2018-11-19T21:24:14Z" finished-at="2018-11-19T21:24:29Z">
          <params>
            <param index="0">
              <value>
                <![CDATA[public void test.Tes.Manjunath(org.xframium.device.ng.TestContainer) throws java.lang.Exception]]>
              </value>
            </param>
            <param index="1">
              <value>
                <![CDATA[[Ljava.lang.Object;@7c84195]]>
              </value>
            </param>
            <param index="2">
              <value>
                <![CDATA[org.testng.TestRunner@12010fd1]]>
              </value>
            </param>
          </params>
          <reporter-output>
          </reporter-output>
        </test-method> <!-- beforeMethod -->
        <test-method status="PASS" signature="Manjunath(org.xframium.device.ng.TestContainer)[pri:0, instance:test.Tes@34cd072c]" name="Manjunath" duration-ms="18616" started-at="2018-11-19T21:24:29Z" data-provider="mlqDeviceManager" finished-at="2018-11-19T21:24:47Z">
          <params>
            <param index="0">
              <value>
                <![CDATA[org.xframium.device.ng.TestContainer@1cc9cfb2]]>
              </value>
            </param>
          </params>
          <reporter-output>
          </reporter-output>
        </test-method> <!-- Manjunath -->
        <test-method status="PASS" signature="afterMethod(java.lang.reflect.Method, [Ljava.lang.Object;, org.testng.ITestResult, org.testng.ITestContext)[pri:0, instance:test.Tes@34cd072c]" name="afterMethod" is-config="true" duration-ms="2267" started-at="2018-11-19T21:24:47Z" finished-at="2018-11-19T21:24:50Z">
          <params>
            <param index="0">
              <value>
                <![CDATA[public void test.Tes.Manjunath(org.xframium.device.ng.TestContainer) throws java.lang.Exception]]>
              </value>
            </param>
            <param index="1">
              <value>
                <![CDATA[[Ljava.lang.Object;@7c84195]]>
              </value>
            </param>
            <param index="2">
              <value>
                <![CDATA[[TestResult name=Manjunath status=SUCCESS method=Tes.Manjunath(org.xframium.device.ng.TestContainer)[pri:0, instance:test.Tes@34cd072c] output={null}]]]>
              </value>
            </param>
            <param index="3">
              <value>
                <![CDATA[org.testng.TestRunner@12010fd1]]>
              </value>
            </param>
          </params>
          <reporter-output>
          </reporter-output>
        </test-method> <!-- afterMethod -->
        <test-method status="PASS" signature="cleanSuite()[pri:0, instance:test.Tes@34cd072c]" name="cleanSuite" is-config="true" duration-ms="61" started-at="2018-11-19T21:24:50Z" finished-at="2018-11-19T21:24:50Z">
          <reporter-output>
          </reporter-output>
        </test-method> <!-- cleanSuite -->
      </class> <!-- test.Tes -->
    </test> <!-- Default test -->
  </suite> <!-- Default suite -->
</testng-results>
